<?xml version="1.0" encoding="UTF-8"?>
<testsuite name="com.csc.TestOakTree" tests="10" skipped="0" failures="0" errors="0" timestamp="2024-11-27T20:44:26" hostname="DESKTOP-BA9STQJ" time="0.022">
  <properties/>
  <testcase name="testRight()" classname="com.csc.TestOakTree" time="0.011"/>
  <testcase name="testRightParent()" classname="com.csc.TestOakTree" time="0.001"/>
  <testcase name="testLeft()" classname="com.csc.TestOakTree" time="0.001"/>
  <testcase name="testRoot()" classname="com.csc.TestOakTree" time="0.0"/>
  <testcase name="testLeftRightChild()" classname="com.csc.TestOakTree" time="0.002"/>
  <testcase name="testLeftLeftChild()" classname="com.csc.TestOakTree" time="0.001"/>
  <testcase name="testRightLeftChild()" classname="com.csc.TestOakTree" time="0.001"/>
  <testcase name="testLeftParent()" classname="com.csc.TestOakTree" time="0.001"/>
  <testcase name="testRightRightChild()" classname="com.csc.TestOakTree" time="0.001"/>
  <testcase name="itWorks()" classname="com.csc.TestOakTree" time="0.0"/>
  <system-out><![CDATA[]]></system-out>
  <system-err><![CDATA[]]></system-err>
</testsuite>
